2025-04-08 22:46:52.820853 - Received CBT.V508.FILE070.PDS from FILE070.XMI 
2025-04-08 22:46:52.825494 - Found $$$#DATE.txt (text/plain) in CBT.V508.FILE070.PDS, moved to PDS/$$$#DATE
2025-04-08 22:46:52.826154 - Found $$$VTOC.txt (text/plain) in CBT.V508.FILE070.PDS, moved to PDS/$$$VTOC
2025-04-08 22:46:52.826789 - Found @FILE070.txt (text/plain) in CBT.V508.FILE070.PDS, moved to PDS/@FILE070
2025-04-08 22:46:52.827427 - Found A$$W001.txt (text/plain) in CBT.V508.FILE070.PDS, moved to PDS/A$$W001
2025-04-08 22:46:52.828068 - Found A$$W002.txt (text/plain) in CBT.V508.FILE070.PDS, moved to PDS/A$$W002
2025-04-08 22:46:52.828729 - Found A$$W003.txt (text/plain) in CBT.V508.FILE070.PDS, moved to PDS/A$$W003
2025-04-08 22:46:52.829359 - Found A$$W004.txt (text/plain) in CBT.V508.FILE070.PDS, moved to PDS/A$$W004
2025-04-08 22:46:52.830046 - Found A$$W005.txt (text/plain) in CBT.V508.FILE070.PDS, moved to PDS/A$$W005
2025-04-08 22:46:52.830701 - Found A$$W006.txt (text/plain) in CBT.V508.FILE070.PDS, moved to PDS/A$$W006
2025-04-08 22:46:52.831355 - Found A$$W007.txt (text/plain) in CBT.V508.FILE070.PDS, moved to PDS/A$$W007
2025-04-08 22:46:52.831922 - Found A$$W008.txt (text/plain) in CBT.V508.FILE070.PDS, moved to PDS/A$$W008
2025-04-08 22:46:52.832518 - Found A$$W009.txt (text/plain) in CBT.V508.FILE070.PDS, moved to PDS/A$$W009
2025-04-08 22:46:52.833163 - Found A$$W010.txt (text/plain) in CBT.V508.FILE070.PDS, moved to PDS/A$$W010
2025-04-08 22:46:52.833819 - Found A$$W011.txt (text/plain) in CBT.V508.FILE070.PDS, moved to PDS/A$$W011
2025-04-08 22:46:52.834443 - Found A$$W012.txt (text/plain) in CBT.V508.FILE070.PDS, moved to PDS/A$$W012
2025-04-08 22:46:52.835058 - Found A$$W013.txt (text/plain) in CBT.V508.FILE070.PDS, moved to PDS/A$$W013
2025-04-08 22:46:52.835745 - Found A$$W014.txt (text/plain) in CBT.V508.FILE070.PDS, moved to PDS/A$$W014
2025-04-08 22:46:52.836348 - Found A$$W015.txt (text/plain) in CBT.V508.FILE070.PDS, moved to PDS/A$$W015
2025-04-08 22:46:52.836951 - Found A$$W016.txt (text/plain) in CBT.V508.FILE070.PDS, moved to PDS/A$$W016
2025-04-08 22:46:52.837601 - Found A$$W017.txt (text/plain) in CBT.V508.FILE070.PDS, moved to PDS/A$$W017
2025-04-08 22:46:52.838176 - Found A$$W018.txt (text/plain) in CBT.V508.FILE070.PDS, moved to PDS/A$$W018
2025-04-08 22:46:52.838852 - Found A$$W019.txt (text/plain) in CBT.V508.FILE070.PDS, moved to PDS/A$$W019
2025-04-08 22:46:52.839414 - Found A$$W020.txt (text/plain) in CBT.V508.FILE070.PDS, moved to PDS/A$$W020
2025-04-08 22:46:52.839936 - Found AAEW001.txt (text/plain) in CBT.V508.FILE070.PDS, moved to PDS/AAEW001
2025-04-08 22:46:52.840546 - Found AAEW002.txt (text/plain) in CBT.V508.FILE070.PDS, moved to PDS/AAEW002
2025-04-08 22:46:52.841192 - Found AAEW003.txt (text/plain) in CBT.V508.FILE070.PDS, moved to PDS/AAEW003
2025-04-08 22:46:52.841837 - Found ABBW001.txt (text/plain) in CBT.V508.FILE070.PDS, moved to PDS/ABBW001
2025-04-08 22:46:52.842437 - Found ABBW002.txt (text/plain) in CBT.V508.FILE070.PDS, moved to PDS/ABBW002
2025-04-08 22:46:52.843080 - Found ABBW003.txt (text/plain) in CBT.V508.FILE070.PDS, moved to PDS/ABBW003
2025-04-08 22:46:52.843645 - Found ABBW010.txt (text/plain) in CBT.V508.FILE070.PDS, moved to PDS/ABBW010
2025-04-08 22:46:52.844206 - Found ABBW011.txt (text/plain) in CBT.V508.FILE070.PDS, moved to PDS/ABBW011
2025-04-08 22:46:52.844799 - Found ABBW012.txt (text/plain) in CBT.V508.FILE070.PDS, moved to PDS/ABBW012
2025-04-08 22:46:52.845496 - Found ABBW013.txt (text/plain) in CBT.V508.FILE070.PDS, moved to PDS/ABBW013
2025-04-08 22:46:52.846156 - Found ABBW014.txt (text/plain) in CBT.V508.FILE070.PDS, moved to PDS/ABBW014
2025-04-08 22:46:52.846763 - Found ABBW015.txt (text/plain) in CBT.V508.FILE070.PDS, moved to PDS/ABBW015
2025-04-08 22:46:52.847320 - Found ABBW016.txt (text/plain) in CBT.V508.FILE070.PDS, moved to PDS/ABBW016
2025-04-08 22:46:52.847968 - Found ABBW019.txt (text/plain) in CBT.V508.FILE070.PDS, moved to PDS/ABBW019
2025-04-08 22:46:52.848592 - Found ABBW020.txt (text/plain) in CBT.V508.FILE070.PDS, moved to PDS/ABBW020
2025-04-08 22:46:52.849155 - Found ABBW025.txt (text/plain) in CBT.V508.FILE070.PDS, moved to PDS/ABBW025
2025-04-08 22:46:52.849753 - Found ABBW026.txt (text/plain) in CBT.V508.FILE070.PDS, moved to PDS/ABBW026
2025-04-08 22:46:52.850478 - Found ABBW028.txt (text/plain) in CBT.V508.FILE070.PDS, moved to PDS/ABBW028
2025-04-08 22:46:52.851047 - Found ABBW031.txt (text/plain) in CBT.V508.FILE070.PDS, moved to PDS/ABBW031
2025-04-08 22:46:52.851600 - Found ABBW032.txt (text/plain) in CBT.V508.FILE070.PDS, moved to PDS/ABBW032
2025-04-08 22:46:52.852189 - Found ABBW042.txt (text/plain) in CBT.V508.FILE070.PDS, moved to PDS/ABBW042
2025-04-08 22:46:52.852797 - Found ABBW043.txt (text/plain) in CBT.V508.FILE070.PDS, moved to PDS/ABBW043
2025-04-08 22:46:52.853394 - Found ABBW049.txt (text/plain) in CBT.V508.FILE070.PDS, moved to PDS/ABBW049
2025-04-08 22:46:52.854010 - Found ABBW051.txt (text/plain) in CBT.V508.FILE070.PDS, moved to PDS/ABBW051
2025-04-08 22:46:52.854596 - Found ABBW052.txt (text/plain) in CBT.V508.FILE070.PDS, moved to PDS/ABBW052
2025-04-08 22:46:52.855262 - Found ABBW056.txt (text/plain) in CBT.V508.FILE070.PDS, moved to PDS/ABBW056
2025-04-08 22:46:52.855885 - Found ABBW058.txt (text/plain) in CBT.V508.FILE070.PDS, moved to PDS/ABBW058
2025-04-08 22:46:52.856557 - Found ABBW059.txt (text/plain) in CBT.V508.FILE070.PDS, moved to PDS/ABBW059
2025-04-08 22:46:52.857211 - Found ABBW060.txt (text/plain) in CBT.V508.FILE070.PDS, moved to PDS/ABBW060
2025-04-08 22:46:52.857872 - Found ABBW061.txt (text/plain) in CBT.V508.FILE070.PDS, moved to PDS/ABBW061
2025-04-08 22:46:52.858444 - Found ABBW062.txt (text/plain) in CBT.V508.FILE070.PDS, moved to PDS/ABBW062
2025-04-08 22:46:52.859088 - Found ABBW063.txt (text/plain) in CBT.V508.FILE070.PDS, moved to PDS/ABBW063
2025-04-08 22:46:52.859690 - Found ABBW064.txt (text/plain) in CBT.V508.FILE070.PDS, moved to PDS/ABBW064
2025-04-08 22:46:52.860299 - Found ABBW066.txt (text/plain) in CBT.V508.FILE070.PDS, moved to PDS/ABBW066
2025-04-08 22:46:52.860931 - Found ABBW069.txt (text/plain) in CBT.V508.FILE070.PDS, moved to PDS/ABBW069
2025-04-08 22:46:52.861655 - Found ACFW001.txt (text/plain) in CBT.V508.FILE070.PDS, moved to PDS/ACFW001
2025-04-08 22:46:52.862288 - Found ACFW002.txt (text/plain) in CBT.V508.FILE070.PDS, moved to PDS/ACFW002
2025-04-08 22:46:52.862973 - Found ACFW003.txt (text/plain) in CBT.V508.FILE070.PDS, moved to PDS/ACFW003
2025-04-08 22:46:52.863626 - Found ACFW005.txt (text/plain) in CBT.V508.FILE070.PDS, moved to PDS/ACFW005
2025-04-08 22:46:52.864265 - Found ACFW006.txt (text/plain) in CBT.V508.FILE070.PDS, moved to PDS/ACFW006
2025-04-08 22:46:52.864963 - Found ACFW007.txt (text/plain) in CBT.V508.FILE070.PDS, moved to PDS/ACFW007
2025-04-08 22:46:52.865553 - Found ACFW008.txt (text/plain) in CBT.V508.FILE070.PDS, moved to PDS/ACFW008
2025-04-08 22:46:52.866107 - Found ACFW009.txt (text/plain) in CBT.V508.FILE070.PDS, moved to PDS/ACFW009
2025-04-08 22:46:52.866697 - Found ACFW010.txt (text/plain) in CBT.V508.FILE070.PDS, moved to PDS/ACFW010
2025-04-08 22:46:52.867308 - Found ACFW012.txt (text/plain) in CBT.V508.FILE070.PDS, moved to PDS/ACFW012
2025-04-08 22:46:52.867880 - Found ACFW014.txt (text/plain) in CBT.V508.FILE070.PDS, moved to PDS/ACFW014
2025-04-08 22:46:52.868456 - Found ADPW002.txt (text/plain) in CBT.V508.FILE070.PDS, moved to PDS/ADPW002
2025-04-08 22:46:52.869143 - Found ADPW003.txt (text/plain) in CBT.V508.FILE070.PDS, moved to PDS/ADPW003
2025-04-08 22:46:52.869720 - Found ADPW004.txt (text/plain) in CBT.V508.FILE070.PDS, moved to PDS/ADPW004
2025-04-08 22:46:52.870353 - Found ADPW007.txt (text/plain) in CBT.V508.FILE070.PDS, moved to PDS/ADPW007
2025-04-08 22:46:52.871034 - Found ADPW008.txt (text/plain) in CBT.V508.FILE070.PDS, moved to PDS/ADPW008
2025-04-08 22:46:52.871640 - Found ADPW009.txt (text/plain) in CBT.V508.FILE070.PDS, moved to PDS/ADPW009
2025-04-08 22:46:52.872307 - Found ADVW001.txt (text/plain) in CBT.V508.FILE070.PDS, moved to PDS/ADVW001
2025-04-08 22:46:52.872943 - Found AHMW001.txt (text/plain) in CBT.V508.FILE070.PDS, moved to PDS/AHMW001
2025-04-08 22:46:52.873525 - Found AHMW002.txt (text/plain) in CBT.V508.FILE070.PDS, moved to PDS/AHMW002
2025-04-08 22:46:52.874114 - Found AHMW003.txt (text/plain) in CBT.V508.FILE070.PDS, moved to PDS/AHMW003
2025-04-08 22:46:52.874753 - Found AHMW005.txt (text/plain) in CBT.V508.FILE070.PDS, moved to PDS/AHMW005
2025-04-08 22:46:52.875371 - Found AIFW001.txt (text/plain) in CBT.V508.FILE070.PDS, moved to PDS/AIFW001
2025-04-08 22:46:52.875991 - Found AJSW002.txt (text/plain) in CBT.V508.FILE070.PDS, moved to PDS/AJSW002
2025-04-08 22:46:52.876621 - Found AJSW003.txt (text/plain) in CBT.V508.FILE070.PDS, moved to PDS/AJSW003
2025-04-08 22:46:52.877250 - Found AJSW004.txt (text/plain) in CBT.V508.FILE070.PDS, moved to PDS/AJSW004
2025-04-08 22:46:52.877839 - Found AJSW005.txt (text/plain) in CBT.V508.FILE070.PDS, moved to PDS/AJSW005
2025-04-08 22:46:52.878525 - Found AJSW006.txt (text/plain) in CBT.V508.FILE070.PDS, moved to PDS/AJSW006
2025-04-08 22:46:52.879165 - Found AJSW007.txt (text/plain) in CBT.V508.FILE070.PDS, moved to PDS/AJSW007
2025-04-08 22:46:52.879784 - Found AJSW008.txt (text/plain) in CBT.V508.FILE070.PDS, moved to PDS/AJSW008
2025-04-08 22:46:52.880441 - Found AJSW009.txt (text/plain) in CBT.V508.FILE070.PDS, moved to PDS/AJSW009
2025-04-08 22:46:52.881079 - Found AJSW011.txt (text/plain) in CBT.V508.FILE070.PDS, moved to PDS/AJSW011
2025-04-08 22:46:52.881775 - Found AJSW012.txt (text/plain) in CBT.V508.FILE070.PDS, moved to PDS/AJSW012
2025-04-08 22:46:52.882349 - Found AJSW013.txt (text/plain) in CBT.V508.FILE070.PDS, moved to PDS/AJSW013
2025-04-08 22:46:52.883004 - Found AJSW014.txt (text/plain) in CBT.V508.FILE070.PDS, moved to PDS/AJSW014
2025-04-08 22:46:52.883671 - Found AJSW016.txt (text/plain) in CBT.V508.FILE070.PDS, moved to PDS/AJSW016
2025-04-08 22:46:52.884259 - Found AJSW017.txt (text/plain) in CBT.V508.FILE070.PDS, moved to PDS/AJSW017
2025-04-08 22:46:52.884861 - Found AJSW018.txt (text/plain) in CBT.V508.FILE070.PDS, moved to PDS/AJSW018
2025-04-08 22:46:52.885471 - Found AJSW020.txt (text/plain) in CBT.V508.FILE070.PDS, moved to PDS/AJSW020
2025-04-08 22:46:52.886128 - Found AJSW021.txt (text/plain) in CBT.V508.FILE070.PDS, moved to PDS/AJSW021
2025-04-08 22:46:52.886747 - Found AJSW022.txt (text/plain) in CBT.V508.FILE070.PDS, moved to PDS/AJSW022
2025-04-08 22:46:52.887412 - Found AJSW023.txt (text/plain) in CBT.V508.FILE070.PDS, moved to PDS/AJSW023
2025-04-08 22:46:52.888042 - Found AJSW024.txt (text/plain) in CBT.V508.FILE070.PDS, moved to PDS/AJSW024
2025-04-08 22:46:52.888657 - Found AJSW025.txt (text/plain) in CBT.V508.FILE070.PDS, moved to PDS/AJSW025
2025-04-08 22:46:52.889280 - Found AJSW027.txt (text/plain) in CBT.V508.FILE070.PDS, moved to PDS/AJSW027
2025-04-08 22:46:52.889890 - Found AJSW028.txt (text/plain) in CBT.V508.FILE070.PDS, moved to PDS/AJSW028
2025-04-08 22:46:52.890529 - Found AJSW030.txt (text/plain) in CBT.V508.FILE070.PDS, moved to PDS/AJSW030
2025-04-08 22:46:52.891201 - Found AJSW031.txt (text/plain) in CBT.V508.FILE070.PDS, moved to PDS/AJSW031
2025-04-08 22:46:52.891763 - Found AJSW032.txt (text/plain) in CBT.V508.FILE070.PDS, moved to PDS/AJSW032
2025-04-08 22:46:52.892297 - Found AJSW035.txt (text/plain) in CBT.V508.FILE070.PDS, moved to PDS/AJSW035
2025-04-08 22:46:52.892881 - Found AJSW036.txt (text/plain) in CBT.V508.FILE070.PDS, moved to PDS/AJSW036
2025-04-08 22:46:52.893501 - Found AJSW037.txt (text/plain) in CBT.V508.FILE070.PDS, moved to PDS/AJSW037
2025-04-08 22:46:52.894135 - Found AJSW038.txt (text/plain) in CBT.V508.FILE070.PDS, moved to PDS/AJSW038
2025-04-08 22:46:52.894702 - Found AJSW039.txt (text/plain) in CBT.V508.FILE070.PDS, moved to PDS/AJSW039
2025-04-08 22:46:52.895297 - Found AJSW040.txt (text/plain) in CBT.V508.FILE070.PDS, moved to PDS/AJSW040
2025-04-08 22:46:52.895918 - Found AJSW042.txt (text/plain) in CBT.V508.FILE070.PDS, moved to PDS/AJSW042
2025-04-08 22:46:52.896596 - Found AJSW043.txt (text/plain) in CBT.V508.FILE070.PDS, moved to PDS/AJSW043
2025-04-08 22:46:52.897222 - Found AJSW045.txt (text/plain) in CBT.V508.FILE070.PDS, moved to PDS/AJSW045
2025-04-08 22:46:52.897823 - Found AJSW046.txt (text/plain) in CBT.V508.FILE070.PDS, moved to PDS/AJSW046
2025-04-08 22:46:52.898526 - Found AJSW048.txt (text/plain) in CBT.V508.FILE070.PDS, moved to PDS/AJSW048
2025-04-08 22:46:52.899156 - Found AJSW049.txt (text/plain) in CBT.V508.FILE070.PDS, moved to PDS/AJSW049
2025-04-08 22:46:52.899777 - Found AJSW051.txt (text/plain) in CBT.V508.FILE070.PDS, moved to PDS/AJSW051
2025-04-08 22:46:52.900390 - Found AJSW057.txt (text/plain) in CBT.V508.FILE070.PDS, moved to PDS/AJSW057
2025-04-08 22:46:52.901068 - Found AJSW208.txt (text/plain) in CBT.V508.FILE070.PDS, moved to PDS/AJSW208
2025-04-08 22:46:52.901641 - Found AVTW001.txt (text/plain) in CBT.V508.FILE070.PDS, moved to PDS/AVTW001
2025-04-08 22:46:52.902309 - Found AVTW003.txt (text/plain) in CBT.V508.FILE070.PDS, moved to PDS/AVTW003
